<?xml version="1.0" encoding="UTF-8"?>
<!-- Generated by org.testng.reporters.JUnitReportReporter -->
<testsuite hostname="LAPTOP-9JQ8TOR2" failures="0" tests="1" name="testpackage.Testproduct" time="20.273" errors="0" timestamp="2024-11-27T10:06:19 IST" skipped="0">
  <testcase classname="testpackage.Testproduct" name="verifyLoginwithValidCred" time="20.273"/>
</testsuite> <!-- testpackage.Testproduct -->
