<?xml version="1.0" encoding="UTF-8"?>
<!-- Generated by org.testng.reporters.JUnitReportReporter -->
<testsuite hostname="LAPTOP-9JQ8TOR2" failures="0" tests="1" name="testpackage.Testlogin" time="16.406" errors="0" timestamp="2024-11-27T10:05:16 IST" skipped="0">
  <testcase classname="testpackage.Testlogin" name="verifyLoginwithValidCred" time="16.406"/>
</testsuite> <!-- testpackage.Testlogin -->
