<?xml version="1.0" encoding="UTF-8"?>
<!-- Generated by org.testng.reporters.JUnitReportReporter -->
<testsuite hostname="LAPTOP-9JQ8TOR2" failures="0" tests="1" name="testpackage.Paymenttest" time="51.213" errors="0" timestamp="2024-11-27T10:08:40 IST" skipped="0">
  <testcase classname="testpackage.Paymenttest" name="verifyLoginwithValidCred" time="51.213"/>
</testsuite> <!-- testpackage.Paymenttest -->
