<?xml version="1.0" encoding="UTF-8"?>
<!-- Generated by org.testng.reporters.JUnitReportReporter -->
<testsuite hostname="LAPTOP-9JQ8TOR2" failures="0" tests="1" name="testpackage.Testclass" time="13.984" errors="0" timestamp="2024-11-12T12:13:04 IST" skipped="0">
  <testcase classname="testpackage.Testclass" name="verifyLoginwithValidCred" time="13.984"/>
</testsuite> <!-- testpackage.Testclass -->
