<?xml version="1.0" encoding="UTF-8"?>
<!-- Generated by org.testng.reporters.JUnitReportReporter -->
<testsuite hostname="LAPTOP-9JQ8TOR2" failures="0" tests="1" name="testpackage.Testregister" time="12.760" errors="0" timestamp="2024-11-27T10:04:15 IST" skipped="0">
  <testcase classname="testpackage.Testregister" name="verifyLoginwithValidCred" time="12.760"/>
</testsuite> <!-- testpackage.Testregister -->
