<?xml version="1.0" encoding="UTF-8"?>
<!-- Generated by org.testng.reporters.JUnitReportReporter -->
<testsuite hostname="LAPTOP-9JQ8TOR2" failures="0" tests="1" name="testpackage.Checkouttest" time="19.800" errors="0" timestamp="2024-11-27T10:07:18 IST" skipped="0">
  <testcase classname="testpackage.Checkouttest" name="verifyLoginwithValidCred" time="19.800"/>
</testsuite> <!-- testpackage.Checkouttest -->
